<?xml version="1.0" encoding="UTF-8"?>
<!-- Generated by org.testng.reporters.JUnitReportReporter -->
<testsuite hostname="Arif" failures="0" tests="1" name="testFolder.TestScenarios" time="22.369" errors="0" timestamp="2020-05-18T16:21:43 EDT" skipped="0">
  <testcase classname="testFolder.TestScenarios" name="testing" time="22.369"/>
  <system-out/>
</testsuite> <!-- testFolder.TestScenarios -->
