<?xml version="1.0" encoding="UTF-8"?>
<!-- Generated by org.testng.reporters.JUnitReportReporter -->
<testsuite hostname="Arif" failures="0" tests="1" name="testNGTest.LogOutTest" time="25.221" errors="0" timestamp="2020-05-18T21:08:07 EDT" skipped="0">
  <testcase classname="testNGTest.LogOutTest" name="veryifyLogOut" time="25.221"/>
  <system-out/>
</testsuite> <!-- testNGTest.LogOutTest -->
