<?xml version="1.0" encoding="UTF-8"?>
<!-- Generated by org.testng.reporters.JUnitReportReporter -->
<testsuite hostname="Arif" failures="0" tests="1" name="testNGTest.LogOutTest" time="23.904" errors="0" timestamp="2020-05-19T20:23:44 EDT" skipped="0">
  <testcase classname="testNGTest.LogOutTest" name="veryifyLogOut" time="23.904"/>
  <system-out/>
</testsuite> <!-- testNGTest.LogOutTest -->
