<?xml version="1.0" encoding="UTF-8"?>
<!-- Generated by org.testng.reporters.JUnitReportReporter -->
<testsuite hostname="Arif" failures="0" tests="1" name="testNGTest.LogInTest" time="21.848" errors="0" timestamp="2020-05-20T21:32:49 EDT" skipped="0">
  <testcase classname="testNGTest.LogInTest" name="veryifyLogIn" time="21.848"/>
  <system-out/>
</testsuite> <!-- testNGTest.LogInTest -->
